<?xml version="1.0" encoding="UTF-8"?>
<testng-results skipped="0" failed="0" ignored="0" total="3" passed="3">
  <reporter-output>
  </reporter-output>
  <suite name="Default suite" duration-ms="139" started-at="2018-07-03T03:04:08Z" finished-at="2018-07-03T03:04:08Z">
    <groups>
    </groups>
    <test name="Default test" duration-ms="139" started-at="2018-07-03T03:04:08Z" finished-at="2018-07-03T03:04:08Z">
      <class name="Blackboard.Demo1Test">
        <test-method status="PASS" signature="BrowserAutomation()[pri:0, instance:Blackboard.Demo1Test@4d9e68d0]" name="BrowserAutomation" duration-ms="15" started-at="2018-07-03T03:04:08Z" finished-at="2018-07-03T03:04:08Z">
          <reporter-output>
          </reporter-output>
        </test-method> <!-- BrowserAutomation -->
        <test-method status="PASS" signature="ElementUi()[pri:0, instance:Blackboard.Demo1Test@4d9e68d0]" name="ElementUi" duration-ms="10" started-at="2018-07-03T03:04:08Z" finished-at="2018-07-03T03:04:08Z">
          <reporter-output>
          </reporter-output>
        </test-method> <!-- ElementUi -->
        <test-method status="PASS" signature="Log4j2()[pri:0, instance:Blackboard.Demo1Test@4d9e68d0]" name="Log4j2" duration-ms="33" started-at="2018-07-03T03:04:08Z" finished-at="2018-07-03T03:04:08Z">
          <reporter-output>
          </reporter-output>
        </test-method> <!-- Log4j2 -->
      </class> <!-- Blackboard.Demo1Test -->
    </test> <!-- Default test -->
  </suite> <!-- Default suite -->
</testng-results>
